
2015-08-13 19:55:17:Listening for client...

2015-08-13 19:55:22:Client connected.

2015-08-13 19:58:41 - 28447 : Listening for client...

2015-08-13 19:58:47 - 28447 : Client connected.
Listening for client...
Client connected.

2015-08-13 20:34:16 - 32148 : Listening for client...

2015-08-13 20:34:19 - 32148 : Client connected.

2015-08-13 20:45:42 - 1378 : Listening for client...
2015-08-13 20:45:44 - 1378 : Client connected.
2015-08-13 20:49:39 - 2438 : Listening for client...
2015-08-13 20:49:41 - 2438 : Client connected.
2015-08-13 20:49:53 - 2438 : Recieved request "(print_context)". Servicing...
2015-08-13 20:49:53 - 2438 : 
Handling (print_context) request!
2015-08-13 20:49:53 - 2438 : Measurer Context {PID=-1}
2015-08-13 20:56:17 - 4814 : Listening for client...
2015-08-13 20:56:20 - 4814 : Client connected.
2015-08-13 20:56:27 - 4814 : Recieved request "(print_context)". Servicing...
2015-08-13 20:56:27 - 4814 : Measurer Context {PID=-1}
2015-08-13 20:56:49 - 4823 : Listening for client...
2015-08-13 20:56:52 - 4823 : Client connected.
2015-08-13 20:56:55 - 4823 : Recieved request "(print_context)". Servicing...
2015-08-13 20:56:55 - 4823 : Measurer Context {PID=-1}
2015-08-13 21:11:04 - 6799 : Measurer started.
2015-08-13 21:11:04 - 6799 : Listening for client...
2015-08-13 21:11:06 - 6799 : Client connected.
2015-08-13 21:11:38 - 6799 : Recieved request "(print_context)". Servicing...
2015-08-13 21:11:38 - 6799 : Measurer Context {PID=-1}
2015-08-13 21:11:49 - 6799 : Driver closed!
2015-08-13 21:11:49 - 6799 : Measurer exited!
2015-08-13 21:14:43 - 7579 : Measurer started.
2015-08-13 21:14:43 - 7579 : Listening for client...
2015-08-13 21:14:54 - 7581 : Measurer started.
2015-08-13 21:14:54 - 7581 : Listening for client...
2015-08-13 21:14:55 - 7581 : Client connected.
2015-08-13 21:15:05 - 7581 : Recieved request "(print_context)". Servicing...
2015-08-13 21:15:05 - 7581 : Measurer Context {PID=-1}
2015-08-13 21:15:08 - 7581 : Driver closed!
2015-08-13 21:15:08 - 7581 : Measurer exited!
2015-08-13 21:19:24 - 9420 : Measurer started.
2015-08-13 21:19:24 - 9420 : Listening for client...
2015-08-13 21:19:33 - 9420 : Client connected.
2015-08-13 21:19:39 - 9420 : Recieved request "(print_context)". Servicing...
2015-08-13 21:19:39 - 9420 : Measurer Context {PID=-1}
2015-08-13 21:19:41 - 9420 : Client disconnected!
2015-08-13 21:19:41 - 9420 : Measurer exited!
2015-08-13 21:25:54 - 10939 : Measurer started.
2015-08-13 21:25:54 - 10939 : Listening for client...
2015-08-13 21:25:56 - 10939 : Client connected.
2015-08-13 21:26:04 - 10939 : Recieved request "(print_context)". Servicing...
2015-08-13 21:26:04 - 10939 : Measurer Context {PID=-1}
2015-08-13 21:26:05 - 10939 : Client disconnected!
2015-08-13 21:26:05 - 10939 : Measurer exited!
2015-08-13 21:26:29 - 10946 : Measurer started.
2015-08-13 21:26:29 - 10946 : Listening for client...
2015-08-13 21:26:35 - 10946 : Client connected.
2015-08-13 21:26:42 - 10949 : Measurer started.
2015-08-13 21:26:42 - 10949 : Listening for client...
2015-08-13 21:26:57 - 10953 : Measurer started.
2015-08-13 21:26:57 - 10953 : Listening for client...
2015-08-13 21:27:00 - 10955 : Measurer started.
2015-08-13 21:27:00 - 10955 : Listening for client...
2015-08-13 21:27:02 - 10955 : Client connected.
2015-08-13 21:27:07 - 10958 : Measurer started.
2015-08-13 21:27:07 - 10958 : Listening for client...
2015-08-13 21:27:07 - 10958 : ERROR: Could not bind server socket!
2015-08-13 21:27:07 - 10958 : Measurer exited!
2015-08-13 21:28:13 - 10969 : Measurer started.
2015-08-13 21:28:13 - 10969 : Listening for client...
2015-08-13 21:30:47 - 11794 : Measurer started.
2015-08-13 21:30:47 - 11794 : ERROR: Could not bind server socket!
2015-08-13 21:30:47 - 11794 : Measurer exited!
2015-08-13 21:31:04 - 11798 : Measurer started.
2015-08-13 21:31:04 - 11798 : ERROR: Could not bind server socket!
2015-08-13 21:31:04 - 11798 : Measurer exited!
2015-08-13 21:31:08 - 11800 : Measurer started.
2015-08-13 21:31:08 - 11800 : Listening for client on *:3003 ...
2015-08-13 21:31:12 - 11800 : Client connected.
2015-08-13 21:31:33 - 11800 : Recieved request "(print_context)". Servicing...
2015-08-13 21:31:33 - 11800 : Measurer Context {PID=-1}
2015-08-13 21:31:37 - 11800 : Client disconnected!
2015-08-13 21:31:37 - 11800 : Measurer exited!
2015-08-13 21:34:19 - 11817 : Measurer started.
2015-08-13 21:34:19 - 11817 : Listening for client on *:3003 ...
2015-08-13 21:34:23 - 11817 : Client connected.
2015-08-14 04:14:14 - 18126 : Measurer started.
2015-08-14 04:14:14 - 18126 : ERROR: Could not bind server socket!
2015-08-14 04:14:14 - 18126 : Measurer exited!
2015-08-14 04:14:40 - 18131 : Measurer started.
2015-08-14 04:14:40 - 18131 : Listening for client on *:3000 ...
2015-08-14 04:14:42 - 18131 : Client connected.
2015-08-14 04:17:44 - 18131 : Client disconnected!
2015-08-14 04:17:44 - 18131 : Measurer exited!
2015-08-14 04:17:59 - 18426 : Measurer started.
2015-08-14 04:17:59 - 18426 : Listening for client on *:3000 ...
2015-08-14 04:19:06 - 18426 : Client connected.
2015-08-14 04:19:23 - 18426 : Recieved request "(print_context)". Servicing...
2015-08-14 04:19:23 - 18426 : Measurer Context {PID=-1}
2015-08-14 04:19:55 - 18426 : Recieved request "(print_context)". Servicing...
2015-08-14 04:19:55 - 18426 : Measurer Context {PID=-1}
2015-08-14 04:20:28 - 18426 : Recieved request "(set_target 18475)". Servicing...
2015-08-14 04:20:28 - 18426 : ME_API_set_target(18475)
2015-08-14 04:22:14 - 18484 : Measurer started.
2015-08-14 04:22:14 - 18484 : Listening for client on *:3000 ...
2015-08-14 04:22:16 - 18484 : Client connected.
2015-08-14 04:22:19 - 18487 : Measurer started.
2015-08-14 04:22:19 - 18487 : ERROR: Could not bind server socket!
2015-08-14 04:22:19 - 18487 : Measurer exited!
2015-08-14 04:23:23 - 18496 : Measurer started.
2015-08-14 04:23:23 - 18496 : Listening for client on *:0 ...
2015-08-14 04:23:32 - 18498 : Measurer started.
2015-08-14 04:23:32 - 18498 : Listening for client on *:3000 ...
2015-08-14 04:23:53 - 18498 : Client connected.
2015-08-14 04:24:23 - 18498 : Recieved request "(print_context)". Servicing...
2015-08-14 04:24:23 - 18498 : Measurer Context {PID=-1}
2015-08-14 04:26:31 - 18498 : Recieved request "(set_target 18518)". Servicing...
2015-08-14 04:26:31 - 18498 : ME_API_set_target(18518)
2015-08-14 05:09:31 - 21122 : Measurer started.
2015-08-14 05:09:31 - 21122 : Listening for client on *:3000 ...
2015-08-14 05:09:38 - 21122 : Client connected.
2015-08-14 05:09:45 - 21122 : Recieved request "(set_target 18518)". Servicing...
2015-08-14 05:09:45 - 21122 : ME_API_set_target(18518)
2015-08-14 05:11:45 - 21122 : Recieved request "(measure (var "c"))". Servicing...
2015-08-14 05:15:29 - 21122 : Recieved request "(measure (var "c"))". Servicing...
2015-08-14 05:15:37 - 21122 : Client disconnected!
2015-08-14 05:15:37 - 21122 : Measurer exited!
2015-08-14 05:16:06 - 21208 : Measurer started.
2015-08-14 05:16:06 - 21208 : Listening for client on *:3000 ...
2015-08-14 05:17:17 - 21208 : Client connected.
2015-08-14 05:17:49 - 21208 : Recieved request "(set_target 18518)". Servicing...
2015-08-14 05:17:49 - 21208 : ME_API_set_target(18518)
2015-08-14 05:19:03 - 21208 : Recieved request "(measure (var "c"))". Servicing...
2015-08-14 05:20:29 - 21208 : Client disconnected!
2015-08-14 05:20:29 - 21208 : Measurer exited!
2015-08-14 05:24:21 - 22032 : Measurer started.
2015-08-14 05:24:21 - 22032 : Listening for client on *:3000 ...
2015-08-14 05:24:23 - 22032 : Client connected.
2015-08-14 05:24:38 - 22032 : Recieved request "(set_target 18518)". Servicing...
2015-08-14 05:24:38 - 22032 : ME_API_set_target(18518)
2015-08-14 05:27:01 - 22139 : Measurer started.
2015-08-14 05:27:01 - 22139 : ERROR: Could not bind server socket!
2015-08-14 05:27:01 - 22139 : Measurer exited!
2015-08-14 05:27:25 - 22032 : Recieved request "(set_target 18518)". Servicing...
2015-08-14 05:27:25 - 22032 : ME_API_set_target(18518)
2015-08-14 05:27:25 - 22032 : Measurer started.
2015-08-14 05:27:25 - 22032 : ERROR: Could not bind server socket!
2015-08-14 05:27:25 - 22032 : Measurer exited!
2015-08-14 05:27:36 - 22142 : Measurer started.
2015-08-14 05:27:36 - 22142 : ERROR: Could not bind server socket!
2015-08-14 05:27:36 - 22142 : Measurer exited!
2015-08-14 05:27:40 - 22144 : Measurer started.
2015-08-14 05:27:40 - 22144 : ERROR: Could not bind server socket!
2015-08-14 05:27:40 - 22144 : Measurer exited!
2015-08-14 05:29:57 - 22567 : Measurer started.
2015-08-14 05:29:57 - 22567 : Listening for client on *:3000 ...
2015-08-14 05:30:02 - 22567 : Client connected.
2015-08-14 05:30:11 - 22567 : Recieved request "(set_target 18518)". Servicing...
2015-08-14 05:30:11 - 22567 : ME_API_set_target(18518)
2015-08-14 05:32:58 - 22567 : Recieved request "(measure (callstack))". Servicing...
2015-08-14 05:33:20 - 22567 : Recieved request "(measure (var "a"))". Servicing...
2015-08-14 05:33:26 - 22567 : Recieved request "(measure (var "c"))". Servicing...
2015-08-14 05:33:30 - 22567 : Recieved request "(measure (var "c"))". Servicing...
2015-08-14 05:33:31 - 22567 : Recieved request "(measure (var "c"))". Servicing...
2015-08-14 05:33:32 - 22567 : Recieved request "(measure (var "c"))". Servicing...
2015-08-14 05:33:33 - 22567 : Recieved request "(measure (var "c"))". Servicing...
2015-08-14 05:33:35 - 22567 : Recieved request "(measure (var "c"))". Servicing...
2015-08-14 05:33:36 - 22567 : Recieved request "(measure (var "c"))". Servicing...
2015-08-14 05:33:37 - 22567 : Recieved request "(measure (var "c"))". Servicing...
2015-08-14 05:33:39 - 22567 : Recieved request "(measure (var "c"))". Servicing...
2015-08-14 05:33:50 - 22567 : Client disconnected!
2015-08-14 05:33:50 - 22567 : Measurer exited!
2015-08-14 05:42:33 - 23194 : Measurer started.
2015-08-14 05:42:33 - 23194 : Listening for client on *:3000 ...
2015-08-14 05:42:35 - 23194 : Client connected.
2015-08-14 05:42:44 - 23194 : Recieved request "(set_target 18518)". Servicing...
2015-08-14 05:42:44 - 23194 : ME_API_set_target(18518)
2015-08-14 05:43:05 - 23194 : Recieved request "(measure (callstack))". Servicing...
2015-08-14 05:44:06 - 23194 : Recieved request "(measure (var "a"))". Servicing...
2015-08-14 05:45:49 - 23194 : Recieved request "(measure (var "a"))". Servicing...
2015-08-14 05:45:50 - 23194 : Client disconnected!
2015-08-14 05:45:50 - 23194 : Measurer exited!
2015-08-14 05:46:16 - 23271 : Measurer started.
2015-08-14 05:46:16 - 23271 : Listening for client on *:3000 ...
2015-08-14 05:46:18 - 23271 : Client connected.
2015-08-14 05:46:28 - 23271 : Recieved request "(set_target 18518)". Servicing...
2015-08-14 05:46:28 - 23271 : ME_API_set_target(18518)
2015-08-14 05:47:07 - 23271 : Recieved request "(measure (callstack))". Servicing...
2015-08-14 05:47:29 - 23271 : Recieved request "(measure (var "a"))". Servicing...
2015-08-14 05:51:31 - 24366 : Measurer started.
2015-08-14 05:51:31 - 24366 : ERROR: Could not bind server socket!
2015-08-14 05:51:31 - 24366 : Measurer exited!
2015-08-14 05:51:32 - 23271 : Recieved request "". Servicing...
2015-08-14 05:51:33 - 23271 : Client disconnected!
2015-08-14 05:51:33 - 23271 : Measurer exited!
2015-08-14 05:51:52 - 24442 : Measurer started.
2015-08-14 05:51:52 - 24442 : Listening for client on *:3000 ...
2015-08-14 05:51:55 - 24442 : Client connected.
2015-08-14 05:52:24 - 24442 : Recieved request "(set_target 18518)". Servicing...
2015-08-14 05:52:24 - 24442 : ME_API_set_target(18518)
2015-08-14 05:52:33 - 24442 : Recieved request "(measure (callstack))". Servicing...
2015-08-14 05:52:41 - 24442 : Recieved request "(measure (callstack))". Servicing...
2015-08-14 05:52:46 - 24442 : Recieved request "(measure (callstack))". Servicing...
2015-08-14 05:52:47 - 24442 : Recieved request "(measure (callstack))". Servicing...
2015-08-14 05:52:47 - 24442 : Recieved request "(measure (callstack))". Servicing...
2015-08-14 05:52:54 - 24442 : Recieved request "(measure (var "c"))". Servicing...
2015-08-14 05:53:58 - 24442 : Recieved request "(measure (var "c"))". Servicing...
2015-08-14 05:57:51 - 24442 : Client disconnected!
2015-08-14 05:57:51 - 24442 : Measurer exited!
2015-08-14 05:58:00 - 24554 : Measurer started.
2015-08-14 05:58:00 - 24554 : Listening for client on *:3000 ...
2015-08-14 05:58:14 - 24554 : Client connected.
2015-08-14 05:58:23 - 24554 : Recieved request "(set_target 18518)". Servicing...
2015-08-14 05:58:23 - 24554 : ME_API_set_target(18518)
2015-08-14 05:58:34 - 24554 : Recieved request "(measure (callstack))". Servicing...
2015-08-14 05:59:13 - 24554 : Recieved request "(measure (var "c"))". Servicing...
2015-08-14 05:59:15 - 24554 : Recieved request "(measure (var "c"))". Servicing...
2015-08-14 05:59:16 - 24554 : Recieved request "(measure (var "c"))". Servicing...
2015-08-14 06:08:08 - 24691 : Measurer started.
2015-08-14 06:08:08 - 24691 : ERROR: Could not bind server socket!
2015-08-14 06:08:08 - 24691 : Measurer exited!
2015-08-14 06:08:09 - 24554 : Recieved request "". Servicing...
2015-08-14 06:08:10 - 24554 : Client disconnected!
2015-08-14 06:08:10 - 24554 : Measurer exited!
2015-08-14 06:08:15 - 24694 : Measurer started.
2015-08-14 06:08:15 - 24694 : Listening for client on *:3000 ...
2015-08-14 06:08:17 - 24694 : Client connected.
2015-08-14 06:08:27 - 24694 : Client disconnected!
2015-08-14 06:08:27 - 24694 : Measurer exited!
2015-08-14 06:08:43 - 24703 : Measurer started.
2015-08-14 06:08:43 - 24703 : Listening for client on *:3000 ...
2015-08-14 06:08:59 - 24708 : Measurer started.
2015-08-14 06:08:59 - 24708 : Listening for client on *:3001 ...
2015-08-14 06:09:03 - 24708 : Client connected.
2015-08-14 06:09:31 - 24708 : Recieved request "(set_target 18518)". Servicing...
2015-08-14 06:09:31 - 24708 : ME_API_set_target(18518)
2015-08-14 06:09:38 - 24708 : Recieved request "(print_context)". Servicing...
2015-08-14 06:09:38 - 24708 : Measurer Context {PID=18518}
2015-08-14 06:09:49 - 24708 : Recieved request "(measure (callgraph))". Servicing...
2015-08-14 06:10:18 - 24708 : Client disconnected!
2015-08-14 06:10:18 - 24708 : Measurer exited!
2015-08-14 06:10:41 - 24718 : Measurer started.
2015-08-14 06:10:41 - 24718 : Listening for client on *:3001 ...
2015-08-14 06:10:45 - 24718 : Client connected.
2015-08-14 06:10:52 - 24718 : Recieved request "(set_target 18518)". Servicing...
2015-08-14 06:10:52 - 24718 : ME_API_set_target(18518)
2015-08-14 06:11:00 - 24718 : Recieved request "(print_context)". Servicing...
2015-08-14 06:11:00 - 24718 : Measurer Context {PID=18518}
2015-08-14 06:11:14 - 24718 : Recieved request "(measure (callgraph)". Servicing...
2015-08-14 06:11:18 - 24718 : Recieved request "(measure (callgraph))". Servicing...
2015-08-14 06:11:22 - 24718 : Recieved request "(measure (callgraph))". Servicing...
2015-08-14 06:14:26 - 24718 : Recieved request "(measure (var "a"))". Servicing...
2015-08-14 06:14:33 - 24718 : Recieved request "(measure (callgraph))". Servicing...
2015-08-14 06:15:48 - 24718 : Client disconnected!
2015-08-14 06:15:48 - 24718 : Measurer exited!
2015-08-14 06:15:51 - 24821 : Measurer started.
2015-08-14 06:15:51 - 24821 : Listening for client on *:3001 ...
2015-08-14 06:15:54 - 24821 : Client connected.
2015-08-14 06:16:16 - 24821 : Recieved request "(set_target 18518)". Servicing...
2015-08-14 06:16:16 - 24821 : ME_API_set_target(18518)
2015-08-14 06:16:23 - 24821 : Recieved request "(print_context)". Servicing...
2015-08-14 06:16:23 - 24821 : Measurer Context {PID=18518}
2015-08-14 06:16:34 - 24821 : Recieved request "(measure (callstack))". Servicing...
2015-08-14 06:16:42 - 24821 : Client disconnected!
2015-08-14 06:16:42 - 24821 : Measurer exited!
2015-08-14 06:16:56 - 25115 : Measurer started.
2015-08-14 06:16:56 - 25115 : Listening for client on *:3001 ...
2015-08-14 06:16:57 - 25115 : Client connected.
2015-08-14 06:17:29 - 25115 : Recieved request "(set_target 18518)". Servicing...
2015-08-14 06:17:29 - 25115 : ME_API_set_target(18518)
2015-08-14 06:18:27 - 25115 : Recieved request "(measure (callgraph)". Servicing...
2015-08-14 06:18:33 - 25115 : Recieved request "(measure (callgraph))". Servicing...
2015-08-14 06:28:39 - 25115 : Client disconnected!
2015-08-14 06:28:39 - 25115 : Measurer exited!
2015-08-14 06:30:40 - 26033 : Measurer started.
2015-08-14 06:30:40 - 26033 : Listening for client on *:3000 ...
2015-08-14 06:30:53 - 26033 : Client connected.
2015-08-14 06:31:14 - 26033 : Recieved request "(set_target 18518)". Servicing...
2015-08-14 06:31:14 - 26033 : ME_API_set_target(18518)
2015-08-14 06:31:21 - 26033 : Recieved request "(measure (callstack))". Servicing...
2015-08-14 06:31:27 - 26033 : Recieved request "(measure (callstacsk))". Servicing...
2015-08-14 06:31:31 - 26033 : Recieved request "(measure (callstack))". Servicing...
2015-08-14 06:31:40 - 26033 : Recieved request "(measure (callstack) )!". Servicing...
2015-08-14 06:31:47 - 26033 : Recieved request "-(measure (callstack) )!". Servicing...
2015-08-14 06:33:29 - 26842 : Measurer started.
2015-08-14 06:33:29 - 26842 : ERROR: Could not bind server socket!
2015-08-14 06:33:29 - 26842 : Measurer exited!
2015-08-14 06:33:31 - 26845 : Measurer started.
2015-08-14 06:33:31 - 26845 : ERROR: Could not bind server socket!
2015-08-14 06:33:31 - 26845 : Measurer exited!
2015-08-14 06:33:35 - 26847 : Measurer started.
2015-08-14 06:33:35 - 26847 : Listening for client on *:3001 ...
2015-08-14 06:33:38 - 26847 : Client connected.
2015-08-14 06:33:49 - 26847 : Recieved request "(setsd )". Servicing...
2015-08-14 06:33:52 - 26847 : Recieved request "(setsd oaky)". Servicing...
2015-08-14 06:34:35 - 26847 : Recieved request "(setsd ) )". Servicing...
2015-08-14 06:34:40 - 26847 : Recieved request "(setsd ) sd )". Servicing...
2015-08-14 06:34:43 - 26847 : Recieved request "sd (setsd ) sd )". Servicing...
2015-08-14 06:35:18 - 26892 : Measurer started.
2015-08-14 06:35:18 - 26892 : ERROR: Could not bind server socket!
2015-08-14 06:35:18 - 26892 : Measurer exited!
2015-08-14 06:35:37 - 26900 : Measurer started.
2015-08-14 06:35:37 - 26900 : ERROR: Could not bind server socket!
2015-08-14 06:35:37 - 26900 : Measurer exited!
2015-08-14 06:35:39 - 26902 : Measurer started.
2015-08-14 06:35:39 - 26902 : Listening for client on *:3002 ...
2015-08-14 06:35:41 - 26902 : Client connected.
2015-08-14 06:35:49 - 26902 : Recieved request "(set_target 12133 1231 )". Servicing...
2015-08-14 06:35:51 - 26902 : Recieved request "(set_target 12133 1231 ) as". Servicing...
2015-08-14 06:35:55 - 26902 : Recieved request "( as(set_target 12133 1231 ) as". Servicing...
2015-08-14 06:36:22 - 27283 : Measurer started.
2015-08-14 06:36:22 - 27283 : ERROR: Could not bind server socket!
2015-08-14 06:36:22 - 27283 : Measurer exited!
2015-08-14 06:36:26 - 27285 : Measurer started.
2015-08-14 06:36:26 - 27285 : Listening for client on *:3000 ...
2015-08-14 06:36:34 - 27285 : Client connected.
2015-08-14 06:36:36 - 27285 : Recieved request "(okay)". Servicing...
2015-08-14 06:36:39 - 27285 : Client disconnected!
2015-08-14 06:36:39 - 27285 : Measurer exited!
2015-08-14 06:36:52 - 27294 : Measurer started.
2015-08-14 06:36:52 - 27294 : Listening for client on *:3000 ...
2015-08-14 06:37:13 - 27294 : Client connected.
2015-08-14 06:41:43 - 27793 : Measurer started.
2015-08-14 06:41:43 - 27793 : Listening for client on *:3000 ...
2015-08-14 06:41:57 - 27793 : Client connected.
2015-08-14 06:42:57 - 27793 : Client disconnected!
2015-08-14 06:42:57 - 27793 : Measurer exited!
2015-08-14 06:44:47 - 27814 : Measurer started.
2015-08-14 06:44:47 - 27814 : Listening for client on *:3000 ...
2015-08-14 06:44:50 - 27814 : Client connected.
2015-08-14 06:45:00 - 27814 : Recieved request "(set_target 18518)". Servicing...
2015-08-14 06:45:00 - 27814 : ME_API_set_target(18518)
2015-08-14 06:45:08 - 27814 : Recieved request "(asd ". Servicing...
2015-08-14 06:45:36 - 27814 : Recieved request "". Servicing...
2015-08-14 06:45:37 - 27814 : Client disconnected!
2015-08-14 06:45:37 - 27814 : Measurer exited!
2015-08-14 06:51:58 - 28430 : Measurer started.
2015-08-14 06:51:58 - 28430 : Listening for client on *:3000 ...
2015-08-14 06:52:15 - 28430 : Client connected.
2015-08-14 06:52:25 - 28430 : Recieved request "(set_target 18518)". Servicing...
2015-08-14 06:52:25 - 28430 : ME_API_set_target(18518)
2015-08-14 06:52:31 - 28430 : Recieved request "(asdlfs ". Servicing...
2015-08-14 06:53:15 - 28430 : Recieved request "(set_target 18518)". Servicing...
2015-08-14 06:53:15 - 28430 : ME_API_set_target(18518)
2015-08-14 06:54:14 - 28430 : Client disconnected!
2015-08-14 06:54:14 - 28430 : Measurer exited!
2015-08-14 06:54:22 - 29301 : Measurer started.
2015-08-14 06:54:22 - 29301 : Listening for client on *:3000 ...
2015-08-14 06:54:24 - 29301 : Client connected.
2015-08-14 06:54:26 - 29301 : Recieved request "ls". Servicing...
2015-08-14 06:54:28 - 29301 : Recieved request "oka". Servicing...
2015-08-14 06:54:34 - 29301 : Recieved request "(set_target 18518)". Servicing...
2015-08-14 06:54:37 - 29301 : Recieved request "akslfns". Servicing...
2015-08-14 06:54:37 - 29301 : Recieved request "asdfls". Servicing...
2015-08-14 06:54:38 - 29301 : Recieved request "sdfjsl". Servicing...
2015-08-14 06:54:39 - 29301 : Client disconnected!
2015-08-14 06:54:39 - 29301 : Measurer exited!
2015-08-14 07:03:07 - 30492 : Measurer started.
2015-08-14 07:03:07 - 30492 : Listening for client on *:3000 ...
2015-08-14 07:03:11 - 30492 : Client connected.
2015-08-14 07:03:14 - 30492 : Recieved request "(set asd ". Servicing...
2015-08-14 07:03:22 - 30492 : Recieved request "(set asd )". Servicing...
2015-08-14 07:03:30 - 30492 : Recieved request "(set-measurement)". Servicing...
2015-08-14 07:03:33 - 30492 : Recieved request "(set-measurement as)". Servicing...
2015-08-14 07:04:58 - 31243 : Measurer started.
2015-08-14 07:04:58 - 31243 : Listening for client on *:3000 ...
2015-08-14 07:05:10 - 31243 : Client connected.
2015-08-14 07:05:14 - 31243 : Recieved request "asd ". Servicing...
2015-08-14 07:05:21 - 31243 : Recieved request "(test ". Servicing...
2015-08-14 07:05:25 - 31243 : Recieved request "(test )". Servicing...
2015-08-14 07:05:33 - 31243 : Recieved request "(a sad )". Servicing...
2015-08-14 07:05:38 - 31243 : Recieved request "(a sad )". Servicing...
2015-08-14 07:05:41 - 31243 : Recieved request "(a sad ". Servicing...
2015-08-14 07:05:45 - 31243 : Recieved request "(a sad ". Servicing...
2015-08-14 07:05:47 - 31243 : Recieved request "(a sad ". Servicing...
2015-08-14 07:05:48 - 31243 : Recieved request "(a sad ". Servicing...
2015-08-14 07:07:03 - 31243 : Recieved request "(a sad ". Servicing...
2015-08-14 07:07:04 - 31243 : Recieved request "(a sad ". Servicing...
2015-08-14 07:07:05 - 31243 : Recieved request "(a sad ". Servicing...
2015-08-14 07:07:07 - 31243 : Recieved request "(a sad ". Servicing...
2015-08-14 07:07:08 - 31243 : Recieved request "(a sad ". Servicing...
2015-08-14 07:10:51 - 32138 : Measurer started.
2015-08-14 07:10:51 - 32138 : ERROR: Could not bind server socket!
2015-08-14 07:10:51 - 32138 : Measurer exited!
2015-08-14 07:10:54 - 32140 : Measurer started.
2015-08-14 07:10:54 - 32140 : Listening for client on *:3000 ...
2015-08-14 07:10:59 - 32140 : Client connected.
2015-08-14 07:11:03 - 32140 : Recieved request "(a sad". Servicing...
2015-08-14 14:47:16 - 32140 : Recieved request "". Servicing...
2015-08-14 14:47:17 - 32140 : Recieved request "(a sad". Servicing...
2015-08-14 14:47:21 - 32140 : Client disconnected!
2015-08-14 14:47:21 - 32140 : Measurer exited!
2015-08-14 16:17:54 - 13621 : Measurer started.
2015-08-14 16:17:54 - 13621 : Listening for client on *:3000 ...
2015-08-14 16:17:58 - 13621 : Client connected.
2015-08-14 16:18:00 - 13621 : Recieved request "print". Servicing...
2015-08-14 16:18:00 - 13621 : Client disconnected!
2015-08-14 16:18:00 - 13621 : Measurer exited!
2015-08-14 17:00:11 - 14978 : Measurer started.
2015-08-14 17:00:11 - 14978 : Listening for client on *:3000 ...
2015-08-14 17:00:32 - 14998 : Measurer started.
2015-08-14 17:00:32 - 14998 : Listening for client on *:3001 ...
2015-08-14 17:00:54 - 15001 : Measurer started.
2015-08-14 17:00:54 - 15001 : Listening for client on *:3002 ...
2015-08-14 17:01:20 - 15039 : Measurer started.
2015-08-14 17:01:20 - 15039 : Listening for client on *:3002 ...
2015-08-14 17:02:25 - 15049 : Measurer started.
2015-08-14 17:02:25 - 15049 : Listening for client on *:3002 ...
2015-08-14 17:02:29 - 15049 : Client connected.
2015-08-14 17:02:31 - 15049 : Recieved request "(set a". Servicing...
2015-08-14 17:04:07 - 15049 : Client disconnected!
2015-08-14 17:04:07 - 15049 : Measurer exited!
2015-08-14 17:04:18 - 15760 : Measurer started.
2015-08-14 17:04:18 - 15760 : Listening for client on *:3002 ...
2015-08-14 17:04:19 - 15760 : Client connected.
2015-08-14 17:04:31 - 15760 : Recieved request "(set_target 1)". Servicing...
2015-08-14 17:04:31 - 15760 : ME_API_set_target(1)
2015-08-14 17:04:31 - 15760 : Failed to attach to process 1!
2015-08-14 17:04:32 - 15760 : Client disconnected!
2015-08-14 17:04:32 - 15760 : Measurer exited!
2015-08-14 17:04:37 - 15764 : Measurer started.
2015-08-14 17:04:37 - 15764 : Listening for client on *:3002 ...
2015-08-14 17:04:41 - 15764 : Client connected.
2015-08-14 17:04:44 - 15764 : Recieved request "sas )". Servicing...
2015-08-14 17:04:44 - 15764 : Client disconnected!
2015-08-14 17:04:44 - 15764 : Measurer exited!
2015-08-14 17:12:22 - 17441 : Measurer started.
2015-08-14 17:12:22 - 17441 : Listening for client on *:3002 ...
2015-08-14 17:12:23 - 17441 : Client connected.
2015-08-14 17:12:29 - 17441 : Recieved request "(asds s". Servicing...
2015-08-14 17:12:30 - 17441 : Client disconnected!
2015-08-14 17:12:30 - 17441 : Measurer exited!
2015-08-14 21:16:04 - 15294 : Measurer started.
2015-08-14 21:16:04 - 15294 : Listening for client on *:3002 ...
2015-08-14 21:16:07 - 15294 : Client connected.
2015-08-14 21:16:14 - 15294 : Recieved request "(sadkl a". Servicing...
2015-08-14 21:16:14 - 15294 : Client disconnected!
2015-08-14 21:16:14 - 15294 : Measurer exited!
2015-08-14 21:18:25 - 15595 : Measurer started.
2015-08-14 21:18:25 - 15595 : Listening for client on *:3002 ...
2015-08-14 21:18:27 - 15595 : Client connected.
2015-08-14 21:18:30 - 15595 : Recieved request "asdkl )". Servicing...
2015-08-14 21:18:41 - 15595 : Recieved request "1". Servicing...
2015-08-14 21:18:42 - 15595 : Recieved request "2". Servicing...
2015-08-14 21:18:42 - 15595 : Recieved request "3". Servicing...
2015-08-14 21:18:44 - 15595 : Recieved request ") as ". Servicing...
2015-08-14 21:18:55 - 15595 : Recieved request "( sdfkl 1". Servicing...
2015-08-17 15:05:49 - 15595 : Recieved request "( sdfkl 1". Servicing...
2015-08-17 15:05:51 - 15595 : Recieved request "( sdfkl 1". Servicing...
2015-08-17 15:05:51 - 15595 : Recieved request "( sdfkl 1". Servicing...
2015-08-17 15:19:00 - 15595 : Client disconnected!
2015-08-17 15:19:00 - 15595 : Measurer exited!
2015-08-17 15:19:03 - 13471 : Measurer started.
2015-08-17 15:19:03 - 13471 : Listening for client on *:3002 ...
2015-08-17 15:19:04 - 13471 : Client connected.
2015-08-17 15:19:26 - 13471 : Recieved request "(asd a". Servicing...
2015-08-17 15:20:09 - 13471 : Recieved request "(set_target 18518)". Servicing...
2015-08-17 15:20:09 - 13471 : ME_API_set_target(18518)
2015-08-17 15:20:31 - 13471 : Recieved request "(measure (var "c"))". Servicing...
2015-08-17 15:24:36 - 13921 : Measurer started.
2015-08-17 15:24:36 - 13921 : Listening for client on *:3002 ...
2015-08-17 15:24:38 - 13921 : Client connected.
2015-08-17 15:24:47 - 13921 : Recieved request "(set_target 18518)". Servicing...
2015-08-17 15:24:47 - 13921 : ME_API_set_target(18518)
2015-08-17 15:25:12 - 13921 : Recieved request "(measure (var "c"))". Servicing...
2015-08-17 15:26:44 - 13921 : Recieved request "". Servicing...
2015-08-17 15:26:49 - 15466 : Measurer started.
2015-08-17 15:26:49 - 15466 : Listening for client on *:3002 ...
2015-08-17 15:26:53 - 15466 : Client connected.
2015-08-17 15:27:00 - 15466 : Recieved request "(set_target 18518)". Servicing...
2015-08-17 15:27:00 - 15466 : ME_API_set_target(18518)
2015-08-17 15:27:12 - 15466 : Recieved request "(ask a)". Servicing...
2015-08-17 15:27:32 - 15466 : Recieved request "(print-context)". Servicing...
2015-08-17 15:27:37 - 15466 : Recieved request "(print_context)". Servicing...
2015-08-17 15:27:37 - 15466 : Measurer Context {PID=18518}
2015-08-17 15:27:50 - 15466 : Recieved request "(measure (callstack))". Servicing...
2015-08-17 15:33:28 - 16490 : Measurer started.
2015-08-17 15:33:28 - 16490 : Listening for client on *:3002 ...
2015-08-17 15:33:29 - 16490 : Client connected.
2015-08-17 15:33:37 - 16490 : Recieved request "(set_target 18518)". Servicing...
2015-08-17 15:33:37 - 16490 : ME_API_set_target(18518)
2015-08-17 15:34:37 - 16490 : Recieved request "'(measure (var "a"))". Servicing...
2015-08-17 15:34:50 - 16490 : Recieved request "1". Servicing...
2015-08-17 16:48:12 - 18930 : Measurer started.
2015-08-17 16:48:12 - 18930 : Listening for client on *:3002 ...
2015-08-17 16:48:14 - 18930 : Client connected.
2015-08-17 16:48:24 - 18930 : Recieved request "(set_target skdfls ". Servicing...
2015-08-17 16:51:16 - 19034 : Measurer started.
2015-08-17 16:51:16 - 19034 : Listening for client on *:3002 ...
2015-08-17 16:51:17 - 19034 : Client connected.
2015-08-17 16:51:25 - 19034 : Recieved request "(set_target 18518)". Servicing...
2015-08-17 16:51:25 - 19034 : ME_API_set_target(18518)
2015-08-17 16:51:40 - 19034 : Recieved request "(saJKA S". Servicing...
2015-08-17 16:51:49 - 19034 : Client disconnected!
2015-08-17 16:51:49 - 19034 : Measurer exited!
2015-08-17 16:57:05 - 20141 : Measurer started.
2015-08-17 16:57:05 - 20141 : Listening for client on *:3002 ...
2015-08-17 16:57:08 - 20141 : Client connected.
2015-08-17 16:57:11 - 20141 : Recieved request "(asdhfk s". Servicing...
2015-08-17 16:57:24 - 20141 : Recieved request "(set_target 18518)". Servicing...
2015-08-17 16:57:24 - 20141 : ME_API_set_target(18518)
2015-08-17 16:57:46 - 20141 : Recieved request "(measure (var "a"))". Servicing...
2015-08-17 16:58:11 - 20141 : Client disconnected!
2015-08-17 16:58:11 - 20141 : Measurer exited!
2015-08-17 16:58:13 - 20161 : Measurer started.
2015-08-17 16:58:13 - 20161 : Listening for client on *:3002 ...
2015-08-17 16:58:17 - 20163 : Measurer started.
2015-08-17 16:58:17 - 20163 : Listening for client on *:3002 ...
2015-08-17 16:58:20 - 20163 : Client connected.
2015-08-17 16:58:26 - 20163 : Recieved request "(set_target 18518)". Servicing...
2015-08-17 16:58:26 - 20163 : ME_API_set_target(18518)
2015-08-17 16:58:40 - 20163 : Recieved request "(measure (var "c"))". Servicing...
2015-08-17 17:01:04 - 20364 : Measurer started.
2015-08-17 17:01:04 - 20364 : Listening for client on *:3002 ...
2015-08-17 17:01:06 - 20364 : Client connected.
2015-08-17 17:01:14 - 20364 : Recieved request "(set_target 18518)". Servicing...
2015-08-17 17:01:14 - 20364 : ME_API_set_target(18518)
2015-08-17 17:01:42 - 20364 : Recieved request "(asl". Servicing...
2015-08-17 17:05:04 - 20514 : Measurer started.
2015-08-17 17:05:04 - 20514 : Listening for client on *:3002 ...
2015-08-17 17:05:06 - 20514 : Client connected.
2015-08-17 17:05:12 - 20514 : Recieved request "(set_target 18518)". Servicing...
2015-08-17 17:05:12 - 20514 : ME_API_set_target(18518)
2015-08-17 17:05:24 - 20514 : Recieved request "(measure (var "a"))". Servicing...
2015-08-17 17:06:12 - 20514 : Client disconnected!
2015-08-17 17:06:12 - 20514 : Measurer exited!
2015-08-17 17:06:14 - 21276 : Measurer started.
2015-08-17 17:06:14 - 21276 : Listening for client on *:3002 ...
2015-08-17 17:06:16 - 21276 : Client connected.
2015-08-17 17:06:21 - 21276 : Recieved request "(set_target 18518)". Servicing...
2015-08-17 17:06:21 - 21276 : ME_API_set_target(18518)
2015-08-17 17:06:34 - 21276 : Recieved request "(measure (var "a"))". Servicing...
2015-08-17 17:13:09 - 22206 : Measurer started.
2015-08-17 17:13:09 - 22206 : Listening for client on *:3002 ...
2015-08-17 17:13:11 - 22206 : Client connected.
2015-08-17 17:13:16 - 22206 : Recieved request "1". Servicing...
2015-08-17 17:13:17 - 22206 : Recieved request "2". Servicing...
2015-08-17 17:13:18 - 22206 : Recieved request "3". Servicing...
2015-08-17 17:13:19 - 22206 : Recieved request "49". Servicing...
2015-08-17 17:15:32 - 22206 : Recieved request ""okay"". Servicing...
2015-08-17 17:15:33 - 22206 : Client disconnected!
2015-08-17 17:15:33 - 22206 : Measurer exited!
2015-08-17 17:15:36 - 23013 : Measurer started.
2015-08-17 17:15:36 - 23013 : Listening for client on *:3002 ...
2015-08-17 17:15:37 - 23013 : Client connected.
2015-08-17 17:15:40 - 23013 : Recieved request ""okay"". Servicing...
2015-08-17 17:15:43 - 23013 : Recieved request ""hey"". Servicing...
2015-08-17 17:16:39 - 23013 : Recieved request "'(measure (var "a"))". Servicing...
2015-08-17 17:18:43 - 23013 : Client disconnected!
2015-08-17 17:18:43 - 23013 : Measurer exited!
2015-08-17 17:18:45 - 24046 : Measurer started.
2015-08-17 17:18:45 - 24046 : Listening for client on *:3002 ...
2015-08-17 17:18:47 - 24046 : Client connected.
2015-08-17 17:18:53 - 24046 : Recieved request "(set_target 18518)". Servicing...
2015-08-17 17:18:53 - 24046 : ME_API_set_target(18518)
2015-08-17 17:19:01 - 24046 : Recieved request "'(measure (var "a"))". Servicing...
2015-08-17 22:24:25 - 7216 : Measurer started.
2015-08-17 22:24:25 - 7216 : Listening for client on *:3000 ...
2015-08-17 22:24:42 - 7216 : Client connected.
2015-08-17 22:25:06 - 7216 : Recieved request "(set_target 6418)". Servicing...
2015-08-17 22:25:06 - 7216 : ME_API_set_target(6418)
2015-08-17 22:25:13 - 7216 : Recieved request "(measure (var "a"))". Servicing...
2015-08-17 22:25:16 - 7216 : Recieved request "(measure (var "a"))". Servicing...
2015-08-17 22:25:17 - 7216 : Recieved request "(measure (var "a"))". Servicing...
2015-08-17 23:23:44 - 7216 : Client disconnected!
2015-08-17 23:23:44 - 7216 : Measurer exited!
2015-08-17 23:23:47 - 9595 : Measurer started.
2015-08-17 23:23:47 - 9595 : Listening for client on *:3000 ...
2015-08-17 23:24:15 - 9595 : Client connected.
2015-08-17 23:24:18 - 9595 : Client disconnected!
2015-08-17 23:24:18 - 9595 : Measurer exited!
2015-08-17 23:24:21 - 9603 : Measurer started.
2015-08-17 23:24:21 - 9603 : Listening for client on *:3000 ...
2015-08-17 23:24:32 - 9603 : Client connected.
2015-08-17 23:25:16 - 9603 : Client disconnected!
2015-08-17 23:25:16 - 9603 : Measurer exited!
2015-08-17 23:37:14 - 10076 : Measurer started.
2015-08-17 23:37:14 - 10076 : Listening for client on *:3000 ...
2015-08-17 23:37:38 - 10076 : Client connected.
2015-08-17 23:37:40 - 10076 : Client disconnected!
2015-08-17 23:37:40 - 10076 : Measurer exited!
2015-08-17 23:38:19 - 10184 : Measurer started.
2015-08-17 23:38:19 - 10184 : Listening for client on *:3000 ...
2015-08-17 23:38:29 - 10184 : Client connected.
2015-08-17 23:38:32 - 10184 : Client disconnected!
2015-08-17 23:38:32 - 10184 : Measurer exited!
2015-08-17 23:42:09 - 10259 : Measurer started.
2015-08-17 23:42:09 - 10259 : Listening for client on *:3000 ...
2015-08-17 23:48:06 - 10259 : Client connected.
2015-08-17 23:48:08 - 10259 : Client disconnected!
2015-08-17 23:48:08 - 10259 : Measurer exited!
2015-08-17 23:48:21 - 10821 : Measurer started.
2015-08-17 23:48:21 - 10821 : Listening for client on *:3000 ...
2015-08-17 23:48:25 - 10821 : Client connected.
2015-08-17 23:48:27 - 10821 : Client disconnected!
2015-08-17 23:48:27 - 10821 : Measurer exited!
2015-08-17 23:48:32 - 10824 : Measurer started.
2015-08-17 23:48:32 - 10824 : Listening for client on *:3001 ...
2015-08-17 23:48:37 - 10824 : Client connected.
2015-08-17 23:48:39 - 10824 : Client disconnected!
2015-08-17 23:48:39 - 10824 : Measurer exited!
2015-08-18 00:30:19 - 14083 : Measurer started.
2015-08-18 00:30:19 - 14083 : Listening for client on *:3001 ...
2015-08-18 00:30:21 - 14083 : Client connected.
2015-08-18 00:30:22 - 14083 : Client disconnected!
2015-08-18 00:30:22 - 14083 : Measurer exited!